{"C:\\Users\\mrcan\\Desktop\\ynov-ecommerce\\src\\index.js": {"path":"C:\\Users\\mrcan\\Desktop\\ynov-ecommerce\\src\\index.js","statementMap":{"0":{"start":{"line":1,"column":0},"end":{"line":1,"column":27}},"1":{"start":{"line":2,"column":16},"end":{"line":2,"column":34}},"2":{"start":{"line":3,"column":18},"end":{"line":3,"column":47}},"3":{"start":{"line":4,"column":21},"end":{"line":4,"column":45}},"4":{"start":{"line":7,"column":23},"end":{"line":7,"column":51}},"5":{"start":{"line":8,"column":21},"end":{"line":8,"column":47}},"6":{"start":{"line":9,"column":20},"end":{"line":9,"column":45}},"7":{"start":{"line":11,"column":12},"end":{"line":11,"column":21}},"8":{"start":{"line":12,"column":13},"end":{"line":12,"column":37}},"9":{"start":{"line":14,"column":0},"end":{"line":14,"column":24}},"10":{"start":{"line":16,"column":23},"end":{"line":31,"column":1}},"11":{"start":{"line":33,"column":20},"end":{"line":33,"column":48}},"12":{"start":{"line":34,"column":0},"end":{"line":34,"column":68}},"13":{"start":{"line":37,"column":0},"end":{"line":39,"column":3}},"14":{"start":{"line":38,"column":2},"end":{"line":38,"column":66}},"15":{"start":{"line":42,"column":0},"end":{"line":42,"column":41}},"16":{"start":{"line":43,"column":0},"end":{"line":43,"column":37}},"17":{"start":{"line":44,"column":0},"end":{"line":44,"column":35}},"18":{"start":{"line":47,"column":0},"end":{"line":49,"column":3}},"19":{"start":{"line":48,"column":2},"end":{"line":48,"column":53}},"20":{"start":{"line":52,"column":0},"end":{"line":66,"column":1}},"21":{"start":{"line":53,"column":2},"end":{"line":65,"column":5}},"22":{"start":{"line":54,"column":4},"end":{"line":54,"column":65}},"23":{"start":{"line":55,"column":4},"end":{"line":55,"column":32}},"24":{"start":{"line":56,"column":4},"end":{"line":64,"column":7}},"25":{"start":{"line":58,"column":25},"end":{"line":58,"column":51}},"26":{"start":{"line":60,"column":10},"end":{"line":60,"column":38}},"27":{"start":{"line":62,"column":10},"end":{"line":62,"column":21}},"28":{"start":{"line":68,"column":0},"end":{"line":68,"column":21}}},"fnMap":{"0":{"name":"(anonymous_0)","decl":{"start":{"line":37,"column":19},"end":{"line":37,"column":20}},"loc":{"start":{"line":37,"column":33},"end":{"line":39,"column":1}},"line":37},"1":{"name":"(anonymous_1)","decl":{"start":{"line":47,"column":8},"end":{"line":47,"column":9}},"loc":{"start":{"line":47,"column":22},"end":{"line":49,"column":1}},"line":47},"2":{"name":"(anonymous_2)","decl":{"start":{"line":53,"column":19},"end":{"line":53,"column":20}},"loc":{"start":{"line":53,"column":25},"end":{"line":65,"column":3}},"line":53},"3":{"name":"(anonymous_3)","decl":{"start":{"line":58,"column":16},"end":{"line":58,"column":17}},"loc":{"start":{"line":58,"column":25},"end":{"line":58,"column":51}},"line":58},"4":{"name":"(anonymous_4)","decl":{"start":{"line":59,"column":16},"end":{"line":59,"column":17}},"loc":{"start":{"line":59,"column":30},"end":{"line":63,"column":9}},"line":59}},"branchMap":{"0":{"loc":{"start":{"line":12,"column":13},"end":{"line":12,"column":37}},"type":"binary-expr","locations":[{"start":{"line":12,"column":13},"end":{"line":12,"column":29}},{"start":{"line":12,"column":33},"end":{"line":12,"column":37}}],"line":12},"1":{"loc":{"start":{"line":52,"column":0},"end":{"line":66,"column":1}},"type":"if","locations":[{"start":{"line":52,"column":0},"end":{"line":66,"column":1}},{"start":{},"end":{}}],"line":52}},"s":{"0":3,"1":3,"2":3,"3":3,"4":3,"5":3,"6":3,"7":3,"8":3,"9":3,"10":3,"11":3,"12":3,"13":3,"14":0,"15":3,"16":3,"17":3,"18":3,"19":0,"20":3,"21":0,"22":0,"23":0,"24":0,"25":0,"26":0,"27":0,"28":3},"f":{"0":0,"1":0,"2":0,"3":0,"4":0},"b":{"0":[3,0],"1":[0,3]},"_coverageSchema":"1a1c01bbd47fc00a2c39e90264f33305004495a9","hash":"faf01cc2f5860a209663e77c2dc33b2fa444fb97"}
,"C:\\Users\\mrcan\\Desktop\\ynov-ecommerce\\src\\db\\index.js": {"path":"C:\\Users\\mrcan\\Desktop\\ynov-ecommerce\\src\\db\\index.js","statementMap":{"0":{"start":{"line":1,"column":16},"end":{"line":1,"column":44}},"1":{"start":{"line":2,"column":13},"end":{"line":2,"column":28}},"2":{"start":{"line":4,"column":15},"end":{"line":4,"column":57}},"3":{"start":{"line":6,"column":11},"end":{"line":21,"column":2}},"4":{"start":{"line":7,"column":2},"end":{"line":20,"column":3}},"5":{"start":{"line":8,"column":4},"end":{"line":8,"column":84}},"6":{"start":{"line":10,"column":4},"end":{"line":10,"column":57}},"7":{"start":{"line":13,"column":4},"end":{"line":19,"column":7}},"8":{"start":{"line":14,"column":6},"end":{"line":18,"column":7}},"9":{"start":{"line":15,"column":8},"end":{"line":15,"column":66}},"10":{"start":{"line":16,"column":25},"end":{"line":16,"column":42}},"11":{"start":{"line":17,"column":8},"end":{"line":17,"column":19}},"12":{"start":{"line":23,"column":0},"end":{"line":23,"column":20}}},"fnMap":{"0":{"name":"(anonymous_0)","decl":{"start":{"line":6,"column":40},"end":{"line":6,"column":41}},"loc":{"start":{"line":6,"column":49},"end":{"line":21,"column":1}},"line":6},"1":{"name":"(anonymous_1)","decl":{"start":{"line":13,"column":81},"end":{"line":13,"column":82}},"loc":{"start":{"line":13,"column":95},"end":{"line":19,"column":5}},"line":13}},"branchMap":{"0":{"loc":{"start":{"line":7,"column":2},"end":{"line":20,"column":3}},"type":"if","locations":[{"start":{"line":7,"column":2},"end":{"line":20,"column":3}},{"start":{"line":9,"column":9},"end":{"line":20,"column":3}}],"line":7},"1":{"loc":{"start":{"line":14,"column":6},"end":{"line":18,"column":7}},"type":"if","locations":[{"start":{"line":14,"column":6},"end":{"line":18,"column":7}},{"start":{},"end":{}}],"line":14}},"s":{"0":5,"1":5,"2":5,"3":5,"4":5,"5":1,"6":4,"7":4,"8":4,"9":1,"10":1,"11":1,"12":5},"f":{"0":5,"1":4},"b":{"0":[1,4],"1":[1,3]},"_coverageSchema":"1a1c01bbd47fc00a2c39e90264f33305004495a9","hash":"c6e9b345b77aba0b33c30b34974a39a23d950a05"}
,"C:\\Users\\mrcan\\Desktop\\ynov-ecommerce\\src\\db\\seed.js": {"path":"C:\\Users\\mrcan\\Desktop\\ynov-ecommerce\\src\\db\\seed.js","statementMap":{"0":{"start":{"line":1,"column":11},"end":{"line":1,"column":29}},"1":{"start":{"line":3,"column":17},"end":{"line":35,"column":1}},"2":{"start":{"line":4,"column":2},"end":{"line":34,"column":5}},"3":{"start":{"line":6,"column":4},"end":{"line":12,"column":8}},"4":{"start":{"line":15,"column":4},"end":{"line":21,"column":8}},"5":{"start":{"line":24,"column":4},"end":{"line":30,"column":8}},"6":{"start":{"line":32,"column":4},"end":{"line":32,"column":56}},"7":{"start":{"line":33,"column":4},"end":{"line":33,"column":29}},"8":{"start":{"line":33,"column":18},"end":{"line":33,"column":29}},"9":{"start":{"line":38,"column":0},"end":{"line":48,"column":1}},"10":{"start":{"line":39,"column":2},"end":{"line":47,"column":5}},"11":{"start":{"line":40,"column":4},"end":{"line":46,"column":7}},"12":{"start":{"line":41,"column":6},"end":{"line":45,"column":7}},"13":{"start":{"line":42,"column":8},"end":{"line":42,"column":68}},"14":{"start":{"line":44,"column":8},"end":{"line":44,"column":41}},"15":{"start":{"line":50,"column":0},"end":{"line":50,"column":26}}},"fnMap":{"0":{"name":"(anonymous_0)","decl":{"start":{"line":3,"column":17},"end":{"line":3,"column":18}},"loc":{"start":{"line":3,"column":31},"end":{"line":35,"column":1}},"line":3},"1":{"name":"(anonymous_1)","decl":{"start":{"line":4,"column":15},"end":{"line":4,"column":16}},"loc":{"start":{"line":4,"column":21},"end":{"line":34,"column":3}},"line":4},"2":{"name":"(anonymous_2)","decl":{"start":{"line":39,"column":11},"end":{"line":39,"column":12}},"loc":{"start":{"line":39,"column":17},"end":{"line":47,"column":3}},"line":39},"3":{"name":"(anonymous_3)","decl":{"start":{"line":40,"column":13},"end":{"line":40,"column":14}},"loc":{"start":{"line":40,"column":22},"end":{"line":46,"column":5}},"line":40}},"branchMap":{"0":{"loc":{"start":{"line":33,"column":4},"end":{"line":33,"column":29}},"type":"if","locations":[{"start":{"line":33,"column":4},"end":{"line":33,"column":29}},{"start":{},"end":{}}],"line":33},"1":{"loc":{"start":{"line":38,"column":0},"end":{"line":48,"column":1}},"type":"if","locations":[{"start":{"line":38,"column":0},"end":{"line":48,"column":1}},{"start":{},"end":{}}],"line":38},"2":{"loc":{"start":{"line":41,"column":6},"end":{"line":45,"column":7}},"type":"if","locations":[{"start":{"line":41,"column":6},"end":{"line":45,"column":7}},{"start":{"line":43,"column":13},"end":{"line":45,"column":7}}],"line":41}},"s":{"0":1,"1":1,"2":1,"3":1,"4":1,"5":1,"6":1,"7":1,"8":0,"9":1,"10":0,"11":0,"12":0,"13":0,"14":0,"15":1},"f":{"0":1,"1":1,"2":0,"3":0},"b":{"0":[0,1],"1":[0,1],"2":[0,0]},"_coverageSchema":"1a1c01bbd47fc00a2c39e90264f33305004495a9","hash":"0d1987f605df19007760ecec6e4be70349a20598"}
,"C:\\Users\\mrcan\\Desktop\\ynov-ecommerce\\src\\routes\\orders.js": {"path":"C:\\Users\\mrcan\\Desktop\\ynov-ecommerce\\src\\routes\\orders.js","statementMap":{"0":{"start":{"line":1,"column":16},"end":{"line":1,"column":34}},"1":{"start":{"line":2,"column":15},"end":{"line":2,"column":31}},"2":{"start":{"line":3,"column":11},"end":{"line":3,"column":33}},"3":{"start":{"line":64,"column":0},"end":{"line":71,"column":3}},"4":{"start":{"line":65,"column":2},"end":{"line":70,"column":5}},"5":{"start":{"line":66,"column":4},"end":{"line":68,"column":5}},"6":{"start":{"line":67,"column":6},"end":{"line":67,"column":58}},"7":{"start":{"line":69,"column":4},"end":{"line":69,"column":19}},"8":{"start":{"line":97,"column":0},"end":{"line":108,"column":3}},"9":{"start":{"line":98,"column":13},"end":{"line":98,"column":36}},"10":{"start":{"line":99,"column":2},"end":{"line":107,"column":5}},"11":{"start":{"line":100,"column":4},"end":{"line":102,"column":5}},"12":{"start":{"line":101,"column":6},"end":{"line":101,"column":58}},"13":{"start":{"line":103,"column":4},"end":{"line":105,"column":5}},"14":{"start":{"line":104,"column":6},"end":{"line":104,"column":64}},"15":{"start":{"line":106,"column":4},"end":{"line":106,"column":18}},"16":{"start":{"line":143,"column":0},"end":{"line":165,"column":3}},"17":{"start":{"line":144,"column":28},"end":{"line":144,"column":36}},"18":{"start":{"line":145,"column":2},"end":{"line":149,"column":3}},"19":{"start":{"line":146,"column":4},"end":{"line":148,"column":56}},"20":{"start":{"line":151,"column":14},"end":{"line":151,"column":76}},"21":{"start":{"line":152,"column":17},"end":{"line":152,"column":43}},"22":{"start":{"line":154,"column":2},"end":{"line":164,"column":5}},"23":{"start":{"line":155,"column":4},"end":{"line":157,"column":5}},"24":{"start":{"line":156,"column":6},"end":{"line":156,"column":58}},"25":{"start":{"line":158,"column":4},"end":{"line":163,"column":7}},"26":{"start":{"line":205,"column":0},"end":{"line":225,"column":3}},"27":{"start":{"line":206,"column":13},"end":{"line":206,"column":36}},"28":{"start":{"line":207,"column":21},"end":{"line":207,"column":29}},"29":{"start":{"line":208,"column":24},"end":{"line":208,"column":72}},"30":{"start":{"line":210,"column":2},"end":{"line":214,"column":3}},"31":{"start":{"line":211,"column":4},"end":{"line":213,"column":77}},"32":{"start":{"line":216,"column":2},"end":{"line":224,"column":5}},"33":{"start":{"line":217,"column":4},"end":{"line":219,"column":5}},"34":{"start":{"line":218,"column":6},"end":{"line":218,"column":58}},"35":{"start":{"line":220,"column":4},"end":{"line":222,"column":5}},"36":{"start":{"line":221,"column":6},"end":{"line":221,"column":64}},"37":{"start":{"line":223,"column":4},"end":{"line":223,"column":29}},"38":{"start":{"line":227,"column":0},"end":{"line":227,"column":24}}},"fnMap":{"0":{"name":"(anonymous_0)","decl":{"start":{"line":64,"column":16},"end":{"line":64,"column":17}},"loc":{"start":{"line":64,"column":30},"end":{"line":71,"column":1}},"line":64},"1":{"name":"(anonymous_1)","decl":{"start":{"line":65,"column":37},"end":{"line":65,"column":38}},"loc":{"start":{"line":65,"column":52},"end":{"line":70,"column":3}},"line":65},"2":{"name":"(anonymous_2)","decl":{"start":{"line":97,"column":19},"end":{"line":97,"column":20}},"loc":{"start":{"line":97,"column":33},"end":{"line":108,"column":1}},"line":97},"3":{"name":"(anonymous_3)","decl":{"start":{"line":99,"column":52},"end":{"line":99,"column":53}},"loc":{"start":{"line":99,"column":66},"end":{"line":107,"column":3}},"line":99},"4":{"name":"(anonymous_4)","decl":{"start":{"line":143,"column":17},"end":{"line":143,"column":18}},"loc":{"start":{"line":143,"column":31},"end":{"line":165,"column":1}},"line":143},"5":{"name":"(anonymous_5)","decl":{"start":{"line":154,"column":22},"end":{"line":154,"column":23}},"loc":{"start":{"line":154,"column":37},"end":{"line":164,"column":3}},"line":154},"6":{"name":"(anonymous_6)","decl":{"start":{"line":205,"column":28},"end":{"line":205,"column":29}},"loc":{"start":{"line":205,"column":42},"end":{"line":225,"column":1}},"line":205},"7":{"name":"(anonymous_7)","decl":{"start":{"line":216,"column":68},"end":{"line":216,"column":69}},"loc":{"start":{"line":216,"column":83},"end":{"line":224,"column":3}},"line":216}},"branchMap":{"0":{"loc":{"start":{"line":66,"column":4},"end":{"line":68,"column":5}},"type":"if","locations":[{"start":{"line":66,"column":4},"end":{"line":68,"column":5}},{"start":{},"end":{}}],"line":66},"1":{"loc":{"start":{"line":100,"column":4},"end":{"line":102,"column":5}},"type":"if","locations":[{"start":{"line":100,"column":4},"end":{"line":102,"column":5}},{"start":{},"end":{}}],"line":100},"2":{"loc":{"start":{"line":103,"column":4},"end":{"line":105,"column":5}},"type":"if","locations":[{"start":{"line":103,"column":4},"end":{"line":105,"column":5}},{"start":{},"end":{}}],"line":103},"3":{"loc":{"start":{"line":145,"column":2},"end":{"line":149,"column":3}},"type":"if","locations":[{"start":{"line":145,"column":2},"end":{"line":149,"column":3}},{"start":{},"end":{}}],"line":145},"4":{"loc":{"start":{"line":145,"column":6},"end":{"line":145,"column":36}},"type":"binary-expr","locations":[{"start":{"line":145,"column":6},"end":{"line":145,"column":13}},{"start":{"line":145,"column":17},"end":{"line":145,"column":36}}],"line":145},"5":{"loc":{"start":{"line":155,"column":4},"end":{"line":157,"column":5}},"type":"if","locations":[{"start":{"line":155,"column":4},"end":{"line":157,"column":5}},{"start":{},"end":{}}],"line":155},"6":{"loc":{"start":{"line":210,"column":2},"end":{"line":214,"column":3}},"type":"if","locations":[{"start":{"line":210,"column":2},"end":{"line":214,"column":3}},{"start":{},"end":{}}],"line":210},"7":{"loc":{"start":{"line":217,"column":4},"end":{"line":219,"column":5}},"type":"if","locations":[{"start":{"line":217,"column":4},"end":{"line":219,"column":5}},{"start":{},"end":{}}],"line":217},"8":{"loc":{"start":{"line":220,"column":4},"end":{"line":222,"column":5}},"type":"if","locations":[{"start":{"line":220,"column":4},"end":{"line":222,"column":5}},{"start":{},"end":{}}],"line":220}},"s":{"0":3,"1":3,"2":3,"3":3,"4":2,"5":2,"6":1,"7":1,"8":3,"9":3,"10":3,"11":3,"12":1,"13":2,"14":1,"15":1,"16":3,"17":3,"18":3,"19":1,"20":2,"21":2,"22":2,"23":2,"24":1,"25":1,"26":3,"27":4,"28":4,"29":4,"30":4,"31":1,"32":3,"33":3,"34":1,"35":2,"36":1,"37":1,"38":3},"f":{"0":2,"1":2,"2":3,"3":3,"4":3,"5":2,"6":4,"7":3},"b":{"0":[1,1],"1":[1,2],"2":[1,1],"3":[1,2],"4":[3,3],"5":[1,1],"6":[1,3],"7":[1,2],"8":[1,1]},"_coverageSchema":"1a1c01bbd47fc00a2c39e90264f33305004495a9","hash":"825650efa9ac298841b65324f38e3a3e421541a9"}
,"C:\\Users\\mrcan\\Desktop\\ynov-ecommerce\\src\\routes\\products.js": {"path":"C:\\Users\\mrcan\\Desktop\\ynov-ecommerce\\src\\routes\\products.js","statementMap":{"0":{"start":{"line":1,"column":16},"end":{"line":1,"column":34}},"1":{"start":{"line":2,"column":15},"end":{"line":2,"column":31}},"2":{"start":{"line":3,"column":11},"end":{"line":3,"column":33}},"3":{"start":{"line":51,"column":2},"end":{"line":55,"column":6}},"4":{"start":{"line":51,"column":30},"end":{"line":55,"column":3}},"5":{"start":{"line":75,"column":0},"end":{"line":84,"column":3}},"6":{"start":{"line":76,"column":15},"end":{"line":76,"column":57}},"7":{"start":{"line":77,"column":2},"end":{"line":83,"column":5}},"8":{"start":{"line":78,"column":4},"end":{"line":80,"column":5}},"9":{"start":{"line":79,"column":6},"end":{"line":79,"column":58}},"10":{"start":{"line":81,"column":17},"end":{"line":81,"column":53}},"11":{"start":{"line":82,"column":4},"end":{"line":82,"column":19}},"12":{"start":{"line":112,"column":0},"end":{"line":126,"column":3}},"13":{"start":{"line":113,"column":13},"end":{"line":113,"column":36}},"14":{"start":{"line":114,"column":2},"end":{"line":116,"column":3}},"15":{"start":{"line":115,"column":4},"end":{"line":115,"column":74}},"16":{"start":{"line":117,"column":2},"end":{"line":125,"column":5}},"17":{"start":{"line":118,"column":4},"end":{"line":120,"column":5}},"18":{"start":{"line":119,"column":6},"end":{"line":119,"column":58}},"19":{"start":{"line":121,"column":4},"end":{"line":123,"column":5}},"20":{"start":{"line":122,"column":6},"end":{"line":122,"column":66}},"21":{"start":{"line":124,"column":4},"end":{"line":124,"column":18}},"22":{"start":{"line":151,"column":0},"end":{"line":172,"column":3}},"23":{"start":{"line":152,"column":46},"end":{"line":152,"column":54}},"24":{"start":{"line":153,"column":2},"end":{"line":155,"column":3}},"25":{"start":{"line":154,"column":4},"end":{"line":154,"column":74}},"26":{"start":{"line":157,"column":14},"end":{"line":157,"column":90}},"27":{"start":{"line":158,"column":17},"end":{"line":158,"column":61}},"28":{"start":{"line":160,"column":2},"end":{"line":171,"column":5}},"29":{"start":{"line":161,"column":4},"end":{"line":163,"column":5}},"30":{"start":{"line":162,"column":6},"end":{"line":162,"column":58}},"31":{"start":{"line":164,"column":4},"end":{"line":170,"column":7}},"32":{"start":{"line":174,"column":0},"end":{"line":174,"column":24}}},"fnMap":{"0":{"name":"formatProductsV2","decl":{"start":{"line":50,"column":9},"end":{"line":50,"column":25}},"loc":{"start":{"line":50,"column":36},"end":{"line":56,"column":1}},"line":50},"1":{"name":"(anonymous_1)","decl":{"start":{"line":51,"column":22},"end":{"line":51,"column":23}},"loc":{"start":{"line":51,"column":30},"end":{"line":55,"column":3}},"line":51},"2":{"name":"(anonymous_2)","decl":{"start":{"line":75,"column":16},"end":{"line":75,"column":17}},"loc":{"start":{"line":75,"column":30},"end":{"line":84,"column":1}},"line":75},"3":{"name":"(anonymous_3)","decl":{"start":{"line":77,"column":39},"end":{"line":77,"column":40}},"loc":{"start":{"line":77,"column":54},"end":{"line":83,"column":3}},"line":77},"4":{"name":"(anonymous_4)","decl":{"start":{"line":112,"column":19},"end":{"line":112,"column":20}},"loc":{"start":{"line":112,"column":33},"end":{"line":126,"column":1}},"line":112},"5":{"name":"(anonymous_5)","decl":{"start":{"line":117,"column":54},"end":{"line":117,"column":55}},"loc":{"start":{"line":117,"column":68},"end":{"line":125,"column":3}},"line":117},"6":{"name":"(anonymous_6)","decl":{"start":{"line":151,"column":17},"end":{"line":151,"column":18}},"loc":{"start":{"line":151,"column":31},"end":{"line":172,"column":1}},"line":151},"7":{"name":"(anonymous_7)","decl":{"start":{"line":160,"column":22},"end":{"line":160,"column":23}},"loc":{"start":{"line":160,"column":37},"end":{"line":171,"column":3}},"line":160}},"branchMap":{"0":{"loc":{"start":{"line":78,"column":4},"end":{"line":80,"column":5}},"type":"if","locations":[{"start":{"line":78,"column":4},"end":{"line":80,"column":5}},{"start":{},"end":{}}],"line":78},"1":{"loc":{"start":{"line":81,"column":17},"end":{"line":81,"column":53}},"type":"cond-expr","locations":[{"start":{"line":81,"column":24},"end":{"line":81,"column":46}},{"start":{"line":81,"column":49},"end":{"line":81,"column":53}}],"line":81},"2":{"loc":{"start":{"line":114,"column":2},"end":{"line":116,"column":3}},"type":"if","locations":[{"start":{"line":114,"column":2},"end":{"line":116,"column":3}},{"start":{},"end":{}}],"line":114},"3":{"loc":{"start":{"line":118,"column":4},"end":{"line":120,"column":5}},"type":"if","locations":[{"start":{"line":118,"column":4},"end":{"line":120,"column":5}},{"start":{},"end":{}}],"line":118},"4":{"loc":{"start":{"line":121,"column":4},"end":{"line":123,"column":5}},"type":"if","locations":[{"start":{"line":121,"column":4},"end":{"line":123,"column":5}},{"start":{},"end":{}}],"line":121},"5":{"loc":{"start":{"line":153,"column":2},"end":{"line":155,"column":3}},"type":"if","locations":[{"start":{"line":153,"column":2},"end":{"line":155,"column":3}},{"start":{},"end":{}}],"line":153},"6":{"loc":{"start":{"line":153,"column":6},"end":{"line":153,"column":34}},"type":"binary-expr","locations":[{"start":{"line":153,"column":6},"end":{"line":153,"column":11}},{"start":{"line":153,"column":15},"end":{"line":153,"column":34}}],"line":153},"7":{"loc":{"start":{"line":158,"column":24},"end":{"line":158,"column":41}},"type":"binary-expr","locations":[{"start":{"line":158,"column":24},"end":{"line":158,"column":35}},{"start":{"line":158,"column":39},"end":{"line":158,"column":41}}],"line":158},"8":{"loc":{"start":{"line":158,"column":50},"end":{"line":158,"column":60}},"type":"binary-expr","locations":[{"start":{"line":158,"column":50},"end":{"line":158,"column":55}},{"start":{"line":158,"column":59},"end":{"line":158,"column":60}}],"line":158},"9":{"loc":{"start":{"line":161,"column":4},"end":{"line":163,"column":5}},"type":"if","locations":[{"start":{"line":161,"column":4},"end":{"line":163,"column":5}},{"start":{},"end":{}}],"line":161},"10":{"loc":{"start":{"line":167,"column":19},"end":{"line":167,"column":36}},"type":"binary-expr","locations":[{"start":{"line":167,"column":19},"end":{"line":167,"column":30}},{"start":{"line":167,"column":34},"end":{"line":167,"column":36}}],"line":167},"11":{"loc":{"start":{"line":169,"column":13},"end":{"line":169,"column":23}},"type":"binary-expr","locations":[{"start":{"line":169,"column":13},"end":{"line":169,"column":18}},{"start":{"line":169,"column":22},"end":{"line":169,"column":23}}],"line":169}},"s":{"0":3,"1":3,"2":3,"3":1,"4":2,"5":3,"6":3,"7":3,"8":3,"9":1,"10":2,"11":2,"12":3,"13":4,"14":4,"15":1,"16":3,"17":3,"18":1,"19":2,"20":1,"21":1,"22":3,"23":5,"24":5,"25":1,"26":4,"27":4,"28":4,"29":4,"30":1,"31":3,"32":3},"f":{"0":1,"1":2,"2":3,"3":3,"4":4,"5":3,"6":5,"7":4},"b":{"0":[1,2],"1":[1,1],"2":[1,3],"3":[1,2],"4":[1,1],"5":[1,4],"6":[5,5],"7":[4,3],"8":[4,2],"9":[1,3],"10":[3,2],"11":[3,1]},"_coverageSchema":"1a1c01bbd47fc00a2c39e90264f33305004495a9","hash":"0db291b598040c1a112242e4949c7393cdf158da"}
,"C:\\Users\\mrcan\\Desktop\\ynov-ecommerce\\src\\routes\\users.js": {"path":"C:\\Users\\mrcan\\Desktop\\ynov-ecommerce\\src\\routes\\users.js","statementMap":{"0":{"start":{"line":1,"column":16},"end":{"line":1,"column":34}},"1":{"start":{"line":2,"column":15},"end":{"line":2,"column":31}},"2":{"start":{"line":3,"column":11},"end":{"line":3,"column":33}},"3":{"start":{"line":41,"column":15},"end":{"line":44,"column":8}},"4":{"start":{"line":42,"column":4},"end":{"line":42,"column":27}},"5":{"start":{"line":43,"column":4},"end":{"line":43,"column":15}},"6":{"start":{"line":46,"column":2},"end":{"line":49,"column":4}},"7":{"start":{"line":69,"column":0},"end":{"line":78,"column":3}},"8":{"start":{"line":70,"column":15},"end":{"line":70,"column":54}},"9":{"start":{"line":71,"column":2},"end":{"line":77,"column":5}},"10":{"start":{"line":72,"column":4},"end":{"line":74,"column":5}},"11":{"start":{"line":73,"column":6},"end":{"line":73,"column":58}},"12":{"start":{"line":75,"column":17},"end":{"line":75,"column":50}},"13":{"start":{"line":76,"column":4},"end":{"line":76,"column":19}},"14":{"start":{"line":104,"column":0},"end":{"line":115,"column":3}},"15":{"start":{"line":105,"column":13},"end":{"line":105,"column":36}},"16":{"start":{"line":106,"column":2},"end":{"line":114,"column":5}},"17":{"start":{"line":107,"column":4},"end":{"line":109,"column":5}},"18":{"start":{"line":108,"column":6},"end":{"line":108,"column":58}},"19":{"start":{"line":110,"column":4},"end":{"line":112,"column":5}},"20":{"start":{"line":111,"column":6},"end":{"line":111,"column":63}},"21":{"start":{"line":113,"column":4},"end":{"line":113,"column":18}},"22":{"start":{"line":148,"column":0},"end":{"line":168,"column":3}},"23":{"start":{"line":149,"column":36},"end":{"line":149,"column":44}},"24":{"start":{"line":150,"column":2},"end":{"line":152,"column":3}},"25":{"start":{"line":151,"column":4},"end":{"line":151,"column":74}},"26":{"start":{"line":154,"column":14},"end":{"line":154,"column":83}},"27":{"start":{"line":155,"column":17},"end":{"line":155,"column":69}},"28":{"start":{"line":157,"column":2},"end":{"line":167,"column":5}},"29":{"start":{"line":158,"column":4},"end":{"line":160,"column":5}},"30":{"start":{"line":159,"column":6},"end":{"line":159,"column":58}},"31":{"start":{"line":161,"column":4},"end":{"line":166,"column":7}},"32":{"start":{"line":170,"column":0},"end":{"line":170,"column":24}}},"fnMap":{"0":{"name":"formatUsersV2","decl":{"start":{"line":40,"column":9},"end":{"line":40,"column":22}},"loc":{"start":{"line":40,"column":30},"end":{"line":50,"column":1}},"line":40},"1":{"name":"(anonymous_1)","decl":{"start":{"line":41,"column":28},"end":{"line":41,"column":29}},"loc":{"start":{"line":41,"column":43},"end":{"line":44,"column":3}},"line":41},"2":{"name":"(anonymous_2)","decl":{"start":{"line":69,"column":16},"end":{"line":69,"column":17}},"loc":{"start":{"line":69,"column":30},"end":{"line":78,"column":1}},"line":69},"3":{"name":"(anonymous_3)","decl":{"start":{"line":71,"column":36},"end":{"line":71,"column":37}},"loc":{"start":{"line":71,"column":51},"end":{"line":77,"column":3}},"line":71},"4":{"name":"(anonymous_4)","decl":{"start":{"line":104,"column":19},"end":{"line":104,"column":20}},"loc":{"start":{"line":104,"column":33},"end":{"line":115,"column":1}},"line":104},"5":{"name":"(anonymous_5)","decl":{"start":{"line":106,"column":51},"end":{"line":106,"column":52}},"loc":{"start":{"line":106,"column":65},"end":{"line":114,"column":3}},"line":106},"6":{"name":"(anonymous_6)","decl":{"start":{"line":148,"column":17},"end":{"line":148,"column":18}},"loc":{"start":{"line":148,"column":31},"end":{"line":168,"column":1}},"line":148},"7":{"name":"(anonymous_7)","decl":{"start":{"line":157,"column":22},"end":{"line":157,"column":23}},"loc":{"start":{"line":157,"column":37},"end":{"line":167,"column":3}},"line":157}},"branchMap":{"0":{"loc":{"start":{"line":72,"column":4},"end":{"line":74,"column":5}},"type":"if","locations":[{"start":{"line":72,"column":4},"end":{"line":74,"column":5}},{"start":{},"end":{}}],"line":72},"1":{"loc":{"start":{"line":75,"column":17},"end":{"line":75,"column":50}},"type":"cond-expr","locations":[{"start":{"line":75,"column":24},"end":{"line":75,"column":43}},{"start":{"line":75,"column":46},"end":{"line":75,"column":50}}],"line":75},"2":{"loc":{"start":{"line":107,"column":4},"end":{"line":109,"column":5}},"type":"if","locations":[{"start":{"line":107,"column":4},"end":{"line":109,"column":5}},{"start":{},"end":{}}],"line":107},"3":{"loc":{"start":{"line":110,"column":4},"end":{"line":112,"column":5}},"type":"if","locations":[{"start":{"line":110,"column":4},"end":{"line":112,"column":5}},{"start":{},"end":{}}],"line":110},"4":{"loc":{"start":{"line":150,"column":2},"end":{"line":152,"column":3}},"type":"if","locations":[{"start":{"line":150,"column":2},"end":{"line":152,"column":3}},{"start":{},"end":{}}],"line":150},"5":{"loc":{"start":{"line":150,"column":6},"end":{"line":150,"column":21}},"type":"binary-expr","locations":[{"start":{"line":150,"column":6},"end":{"line":150,"column":11}},{"start":{"line":150,"column":15},"end":{"line":150,"column":21}}],"line":150},"6":{"loc":{"start":{"line":155,"column":31},"end":{"line":155,"column":56}},"type":"binary-expr","locations":[{"start":{"line":155,"column":31},"end":{"line":155,"column":39}},{"start":{"line":155,"column":43},"end":{"line":155,"column":56}}],"line":155},"7":{"loc":{"start":{"line":158,"column":4},"end":{"line":160,"column":5}},"type":"if","locations":[{"start":{"line":158,"column":4},"end":{"line":160,"column":5}},{"start":{},"end":{}}],"line":158}},"s":{"0":3,"1":3,"2":3,"3":1,"4":2,"5":2,"6":1,"7":3,"8":3,"9":3,"10":3,"11":1,"12":2,"13":2,"14":3,"15":3,"16":3,"17":3,"18":1,"19":2,"20":1,"21":1,"22":3,"23":5,"24":5,"25":1,"26":4,"27":4,"28":4,"29":4,"30":2,"31":2,"32":3},"f":{"0":1,"1":2,"2":3,"3":3,"4":3,"5":3,"6":5,"7":4},"b":{"0":[1,2],"1":[1,1],"2":[1,2],"3":[1,1],"4":[1,4],"5":[5,5],"6":[4,3],"7":[2,2]},"_coverageSchema":"1a1c01bbd47fc00a2c39e90264f33305004495a9","hash":"09dc63903273d8222740fadb04c7c867dceeee64"}
}
