TN:
SF:src\index.js
FN:37,(anonymous_0)
FN:47,(anonymous_1)
FN:53,(anonymous_2)
FN:58,(anonymous_3)
FN:59,(anonymous_4)
FNF:5
FNH:0
FNDA:0,(anonymous_0)
FNDA:0,(anonymous_1)
FNDA:0,(anonymous_2)
FNDA:0,(anonymous_3)
FNDA:0,(anonymous_4)
DA:1,3
DA:2,3
DA:3,3
DA:4,3
DA:7,3
DA:8,3
DA:9,3
DA:11,3
DA:12,3
DA:14,3
DA:16,3
DA:33,3
DA:34,3
DA:37,3
DA:38,0
DA:42,3
DA:43,3
DA:44,3
DA:47,3
DA:48,0
DA:52,3
DA:53,0
DA:54,0
DA:55,0
DA:56,0
DA:58,0
DA:60,0
DA:62,0
DA:68,3
LF:29
LH:20
BRDA:12,0,0,3
BRDA:12,0,1,0
BRDA:52,1,0,0
BRDA:52,1,1,3
BRF:4
BRH:2
end_of_record
TN:
SF:src\db\index.js
FN:6,(anonymous_0)
FN:13,(anonymous_1)
FNF:2
FNH:2
FNDA:5,(anonymous_0)
FNDA:4,(anonymous_1)
DA:1,5
DA:2,5
DA:4,5
DA:6,5
DA:7,5
DA:8,1
DA:10,4
DA:13,4
DA:14,4
DA:15,1
DA:16,1
DA:17,1
DA:23,5
LF:13
LH:13
BRDA:7,0,0,1
BRDA:7,0,1,4
BRDA:14,1,0,1
BRDA:14,1,1,3
BRF:4
BRH:4
end_of_record
TN:
SF:src\db\seed.js
FN:3,(anonymous_0)
FN:4,(anonymous_1)
FN:39,(anonymous_2)
FN:40,(anonymous_3)
FNF:4
FNH:2
FNDA:1,(anonymous_0)
FNDA:1,(anonymous_1)
FNDA:0,(anonymous_2)
FNDA:0,(anonymous_3)
DA:1,1
DA:3,1
DA:4,1
DA:6,1
DA:15,1
DA:24,1
DA:32,1
DA:33,1
DA:38,1
DA:39,0
DA:40,0
DA:41,0
DA:42,0
DA:44,0
DA:50,1
LF:15
LH:10
BRDA:33,0,0,0
BRDA:33,0,1,1
BRDA:38,1,0,0
BRDA:38,1,1,1
BRDA:41,2,0,0
BRDA:41,2,1,0
BRF:6
BRH:2
end_of_record
TN:
SF:src\routes\orders.js
FN:64,(anonymous_0)
FN:65,(anonymous_1)
FN:97,(anonymous_2)
FN:99,(anonymous_3)
FN:143,(anonymous_4)
FN:154,(anonymous_5)
FN:205,(anonymous_6)
FN:216,(anonymous_7)
FNF:8
FNH:8
FNDA:2,(anonymous_0)
FNDA:2,(anonymous_1)
FNDA:3,(anonymous_2)
FNDA:3,(anonymous_3)
FNDA:3,(anonymous_4)
FNDA:2,(anonymous_5)
FNDA:4,(anonymous_6)
FNDA:3,(anonymous_7)
DA:1,3
DA:2,3
DA:3,3
DA:64,3
DA:65,2
DA:66,2
DA:67,1
DA:69,1
DA:97,3
DA:98,3
DA:99,3
DA:100,3
DA:101,1
DA:103,2
DA:104,1
DA:106,1
DA:143,3
DA:144,3
DA:145,3
DA:146,1
DA:151,2
DA:152,2
DA:154,2
DA:155,2
DA:156,1
DA:158,1
DA:205,3
DA:206,4
DA:207,4
DA:208,4
DA:210,4
DA:211,1
DA:216,3
DA:217,3
DA:218,1
DA:220,2
DA:221,1
DA:223,1
DA:227,3
LF:39
LH:39
BRDA:66,0,0,1
BRDA:66,0,1,1
BRDA:100,1,0,1
BRDA:100,1,1,2
BRDA:103,2,0,1
BRDA:103,2,1,1
BRDA:145,3,0,1
BRDA:145,3,1,2
BRDA:145,4,0,3
BRDA:145,4,1,3
BRDA:155,5,0,1
BRDA:155,5,1,1
BRDA:210,6,0,1
BRDA:210,6,1,3
BRDA:217,7,0,1
BRDA:217,7,1,2
BRDA:220,8,0,1
BRDA:220,8,1,1
BRF:18
BRH:18
end_of_record
TN:
SF:src\routes\products.js
FN:50,formatProductsV2
FN:51,(anonymous_1)
FN:75,(anonymous_2)
FN:77,(anonymous_3)
FN:112,(anonymous_4)
FN:117,(anonymous_5)
FN:151,(anonymous_6)
FN:160,(anonymous_7)
FNF:8
FNH:8
FNDA:1,formatProductsV2
FNDA:2,(anonymous_1)
FNDA:3,(anonymous_2)
FNDA:3,(anonymous_3)
FNDA:4,(anonymous_4)
FNDA:3,(anonymous_5)
FNDA:5,(anonymous_6)
FNDA:4,(anonymous_7)
DA:1,3
DA:2,3
DA:3,3
DA:51,2
DA:75,3
DA:76,3
DA:77,3
DA:78,3
DA:79,1
DA:81,2
DA:82,2
DA:112,3
DA:113,4
DA:114,4
DA:115,1
DA:117,3
DA:118,3
DA:119,1
DA:121,2
DA:122,1
DA:124,1
DA:151,3
DA:152,5
DA:153,5
DA:154,1
DA:157,4
DA:158,4
DA:160,4
DA:161,4
DA:162,1
DA:164,3
DA:174,3
LF:32
LH:32
BRDA:78,0,0,1
BRDA:78,0,1,2
BRDA:81,1,0,1
BRDA:81,1,1,1
BRDA:114,2,0,1
BRDA:114,2,1,3
BRDA:118,3,0,1
BRDA:118,3,1,2
BRDA:121,4,0,1
BRDA:121,4,1,1
BRDA:153,5,0,1
BRDA:153,5,1,4
BRDA:153,6,0,5
BRDA:153,6,1,5
BRDA:158,7,0,4
BRDA:158,7,1,3
BRDA:158,8,0,4
BRDA:158,8,1,2
BRDA:161,9,0,1
BRDA:161,9,1,3
BRDA:167,10,0,3
BRDA:167,10,1,2
BRDA:169,11,0,3
BRDA:169,11,1,1
BRF:24
BRH:24
end_of_record
TN:
SF:src\routes\users.js
FN:40,formatUsersV2
FN:41,(anonymous_1)
FN:69,(anonymous_2)
FN:71,(anonymous_3)
FN:104,(anonymous_4)
FN:106,(anonymous_5)
FN:148,(anonymous_6)
FN:157,(anonymous_7)
FNF:8
FNH:8
FNDA:1,formatUsersV2
FNDA:2,(anonymous_1)
FNDA:3,(anonymous_2)
FNDA:3,(anonymous_3)
FNDA:3,(anonymous_4)
FNDA:3,(anonymous_5)
FNDA:5,(anonymous_6)
FNDA:4,(anonymous_7)
DA:1,3
DA:2,3
DA:3,3
DA:41,1
DA:42,2
DA:43,2
DA:46,1
DA:69,3
DA:70,3
DA:71,3
DA:72,3
DA:73,1
DA:75,2
DA:76,2
DA:104,3
DA:105,3
DA:106,3
DA:107,3
DA:108,1
DA:110,2
DA:111,1
DA:113,1
DA:148,3
DA:149,5
DA:150,5
DA:151,1
DA:154,4
DA:155,4
DA:157,4
DA:158,4
DA:159,2
DA:161,2
DA:170,3
LF:33
LH:33
BRDA:72,0,0,1
BRDA:72,0,1,2
BRDA:75,1,0,1
BRDA:75,1,1,1
BRDA:107,2,0,1
BRDA:107,2,1,2
BRDA:110,3,0,1
BRDA:110,3,1,1
BRDA:150,4,0,1
BRDA:150,4,1,4
BRDA:150,5,0,5
BRDA:150,5,1,5
BRDA:155,6,0,4
BRDA:155,6,1,3
BRDA:158,7,0,2
BRDA:158,7,1,2
BRF:16
BRH:16
end_of_record
